<?xml version="1.0" encoding="UTF-8" ?>
<testsuite errors="0" failures="1" hostname="racunalo" name="matejonnet.test.SimpleTest" tests="2" time="0.36" timestamp="2010-12-25T18:53:59">
  <properties>
[...]
</properties>
  <testcase classname="matejonnet.test.SimpleTest" name="test" time="0.0070" />
  <testcase classname="matejonnet.test.SimpleTest" name="test2" time="0.015">
    <failure message="null expected:&lt;my[S]tring&gt; but was:&lt;my[ s]tring&gt;" type="junit.framework.ComparisonFailure">junit.framework.ComparisonFailure: null expected:&lt;my[S]tring&gt; but was:&lt;my[ s]tring&gt;
	at matejonnet.test.SimpleTest.test2(SimpleTest.java:17)
</failure>
  </testcase>
  <system-out><![CDATA[]]></system-out>
  <system-err><![CDATA[]]></system-err>
</testsuite>
