<?xml version="1.0" encoding="UTF-8" ?>
<testsuite failures="0" time="1.762" errors="0" skipped="0" tests="3" name="TestSuite">
  <properties>
[...]
</properties>
  <testcase time="0.004" classname="matejonnet.test.TemperatureConverterTest" name="testConvertToCelsius"/>
  <testcase time="0" classname="matejonnet.test.TemperatureConverterTest" name="testConvertToCelsiusNoInect"/>
  <testcase time="0.001" classname="matejonnet.test.TemperatureConverterTest" name="testConvertToFarenheit"/>
</testsuite>