<testng-results>
  <reporter-output>
  </reporter-output>
  <suite name="Command line suite" duration-ms="753" started-at="2010-12-27T00:59:47Z" finished-at="2010-12-27T00:59:48Z">
    <groups>
    </groups>
    <test name="Command line test" duration-ms="753" started-at="2010-12-27T00:59:47Z" finished-at="2010-12-27T00:59:48Z">
      <class name="matejonnet.test.TemperatureConverterTest">
        <test-method status="PASS" signature="arquillianBeforeSuite()" name="arquillianBeforeSuite" is-config="true" duration-ms="53" started-at="2010-12-27T00:59:47Z" finished-at="2010-12-27T00:59:47Z">
        </test-method>
        <test-method status="PASS" signature="arquillianBeforeClass()" name="arquillianBeforeClass" is-config="true" duration-ms="711" started-at="2010-12-27T00:59:47Z" finished-at="2010-12-27T00:59:48Z">
        </test-method>
        <test-method status="PASS" signature="arquillianBeforeTest(java.lang.reflect.Method)" name="arquillianBeforeTest" is-config="true" duration-ms="18" started-at="2010-12-27T00:59:48Z" finished-at="2010-12-27T00:59:48Z">
          <params>
            <param index="0">
              <value>
                <![CDATA[public void matejonnet.test.TemperatureConverterTest.testConvertToCelsius()]]>
              </value>
            </param>
          </params>
        </test-method>
        <test-method status="PASS" signature="testConvertToCelsius()" name="testConvertToCelsius" duration-ms="10" started-at="2010-12-27T00:59:48Z" finished-at="2010-12-27T00:59:48Z">
        </test-method>
        <test-method status="PASS" signature="arquillianAfterTest(java.lang.reflect.Method)" name="arquillianAfterTest" is-config="true" duration-ms="0" started-at="2010-12-27T00:59:48Z" finished-at="2010-12-27T00:59:48Z">
          <params>
            <param index="0">
              <value>
                <![CDATA[public void matejonnet.test.TemperatureConverterTest.testConvertToCelsius()]]>
              </value>
            </param>
          </params>
        </test-method>
        <test-method status="PASS" signature="arquillianBeforeTest(java.lang.reflect.Method)" name="arquillianBeforeTest" is-config="true" duration-ms="2" started-at="2010-12-27T00:59:48Z" finished-at="2010-12-27T00:59:48Z">
          <params>
            <param index="0">
              <value>
                <![CDATA[public void matejonnet.test.TemperatureConverterTest.testConvertToCelsiusNoInect()]]>
              </value>
            </param>
          </params>
        </test-method>
        <test-method status="PASS" signature="testConvertToCelsiusNoInect()" name="testConvertToCelsiusNoInect" duration-ms="0" started-at="2010-12-27T00:59:48Z" finished-at="2010-12-27T00:59:48Z">
        </test-method>
        <test-method status="PASS" signature="arquillianAfterTest(java.lang.reflect.Method)" name="arquillianAfterTest" is-config="true" duration-ms="0" started-at="2010-12-27T00:59:48Z" finished-at="2010-12-27T00:59:48Z">
          <params>
            <param index="0">
              <value>
                <![CDATA[public void matejonnet.test.TemperatureConverterTest.testConvertToCelsiusNoInect()]]>
              </value>
            </param>
          </params>
        </test-method>
        <test-method status="PASS" signature="arquillianBeforeTest(java.lang.reflect.Method)" name="arquillianBeforeTest" is-config="true" duration-ms="2" started-at="2010-12-27T00:59:48Z" finished-at="2010-12-27T00:59:48Z">
          <params>
            <param index="0">
              <value>
                <![CDATA[public void matejonnet.test.TemperatureConverterTest.testConvertToFarenheit()]]>
              </value>
            </param>
          </params>
        </test-method>
        <test-method status="PASS" signature="testConvertToFarenheit()" name="testConvertToFarenheit" duration-ms="0" started-at="2010-12-27T00:59:48Z" finished-at="2010-12-27T00:59:48Z">
        </test-method>
        <test-method status="PASS" signature="arquillianAfterClass()" name="arquillianAfterClass" is-config="true" duration-ms="3" started-at="2010-12-27T00:59:48Z" finished-at="2010-12-27T00:59:48Z">
        </test-method>
        <test-method status="PASS" signature="arquillianAfterTest(java.lang.reflect.Method)" name="arquillianAfterTest" is-config="true" duration-ms="0" started-at="2010-12-27T00:59:48Z" finished-at="2010-12-27T00:59:48Z">
          <params>
            <param index="0">
              <value>
                <![CDATA[public void matejonnet.test.TemperatureConverterTest.testConvertToFarenheit()]]>
              </value>
            </param>
          </params>
        </test-method>
        <test-method status="PASS" signature="arquillianAfterSuite()" name="arquillianAfterSuite" is-config="true" duration-ms="2" started-at="2010-12-27T00:59:48Z" finished-at="2010-12-27T00:59:48Z">
        </test-method>
      </class>
    </test>
  </suite>
</testng-results>
